<?xml version="1.0" encoding="UTF-8"?>
<!-- Generated by org.testng.reporters.JUnitReportReporter -->
<testsuite hostname="LAPTOP-O392AU6C" failures="0" tests="2" name="day19.AllAnotations" time="0.008" errors="0" timestamp="11 Nov 2020 03:57:00 GMT" skipped="0">
  <testcase classname="day19.AllAnotations" name="testcase2" time="0.001"/>
  <testcase classname="day19.AllAnotations" name="testcase1" time="0.007"/>
</testsuite> <!-- day19.AllAnotations -->
