<?xml version="1.0" encoding="UTF-8"?>
<!-- Generated by org.testng.reporters.JUnitReportReporter -->
<testsuite hostname="LAPTOP-O392AU6C" failures="0" tests="2" name="day19.clsTestNG" time="0.042" errors="0" timestamp="17 Nov 2020 02:29:50 GMT" skipped="0">
  <testcase classname="day19.clsTestNG" name="printArc" time="0.036"/>
  <testcase classname="day19.clsTestNG" name="printArc1" time="0.006"/>
</testsuite> <!-- day19.clsTestNG -->
